Hmm ... looks like a package
Converting parsed Rd's to LaTeX 
Creating pdf output from LaTeX ...
This is pdfTeX, Version 3.141592653-2.6-1.40.24 (TeX Live 2022) (preloaded format=pdflatex)
 restricted \write18 enabled.
entering extended mode
(./Rd2.tex
LaTeX2e <2022-11-01> patch level 1
L3 programming layer <2022-12-17>
(c:/Users/Roberto/AppData/Roaming/TinyTeX/texmf-dist/tex/latex/base/book.cls
Document Class: book 2022/07/02 v1.4n Standard LaTeX document class
(c:/Users/Roberto/AppData/Roaming/TinyTeX/texmf-dist/tex/latex/base/bk10.clo)) (c:/Program Files/R/R-4.4.1/share/texmf/tex/latex/Rd.sty (c:/Users/Roberto/AppData/Roaming/TinyTeX/texmf-dist/tex/latex/base/ifthen.sty) (c:/Users/Roberto/AppData/Roaming/TinyTeX/texmf-dist/tex/generic/iftex/iftex.sty) (c:/Users/Roberto/AppData/Roaming/TinyTeX/texmf-dist/tex/latex/tools/longtable.sty) (c:/Users/Roberto/AppData/Roaming/TinyTeX/texmf-dist/tex/latex/tools/bm.sty) (c:/Users/Roberto/AppData/Roaming/TinyTeX/texmf-dist/tex/latex/base/alltt.sty) (c:/Users/Roberto/AppData/Roaming/TinyTeX/texmf-dist/tex/latex/tools/verbatim.sty) (c:/Users/Roberto/AppData/Roaming/TinyTeX/texmf-dist/tex/latex/url/url.sty) (c:/Users/Roberto/AppData/Roaming/TinyTeX/texmf-dist/tex/latex/base/textcomp.sty) (c:/Users/Roberto/AppData/Roaming/TinyTeX/texmf-dist/tex/latex/amsmath/amsmath.sty
For additional information on amsmath, use the `?' option.
(c:/Users/Roberto/AppData/Roaming/TinyTeX/texmf-dist/tex/latex/amsmath/amstext.sty (c:/Users/Roberto/AppData/Roaming/TinyTeX/texmf-dist/tex/latex/amsmath/amsgen.sty)) (c:/Users/Roberto/AppData/Roaming/TinyTeX/texmf-dist/tex/latex/amsmath/amsbsy.sty) (c:/Users/Roberto/AppData/Roaming/TinyTeX/texmf-dist/tex/latex/amsmath/amsopn.sty)) (c:/Users/Roberto/AppData/Roaming/TinyTeX/texmf-dist/tex/latex/amsfonts/amsfonts.sty) (c:/Users/Roberto/AppData/Roaming/TinyTeX/texmf-dist/tex/latex/amsfonts/amssymb.sty) (c:/Users/Roberto/AppData/Roaming/TinyTeX/texmf-dist/tex/latex/jknapltx/mathrsfs.sty) (c:/Users/Roberto/AppData/Roaming/TinyTeX/texmf-dist/tex/latex/base/fontenc.sty) (c:/Users/Roberto/AppData/Roaming/TinyTeX/texmf-dist/tex/latex/psnfss/times.sty) (c:/Users/Roberto/AppData/Roaming/TinyTeX/texmf-dist/tex/latex/inconsolata/zi4.sty `inconsolata-zi4' v1.12, 2019/05/17 Text macros for Inconsolata (msharpe) (c:/Users/Roberto/AppData/Roaming/TinyTeX/texmf-dist/tex/latex/xkeyval/xkeyval.sty (c:/Users/Roberto/AppData/Roaming/TinyTeX/texmf-dist/tex/generic/xkeyval/xkeyval.tex (c:/Users/Roberto/AppData/Roaming/TinyTeX/texmf-dist/tex/generic/xkeyval/xkvutils.tex (c:/Users/Roberto/AppData/Roaming/TinyTeX/texmf-dist/tex/generic/xkeyval/keyval.tex))))) (c:/Users/Roberto/AppData/Roaming/TinyTeX/texmf-dist/tex/latex/graphics/color.sty (c:/Users/Roberto/AppData/Roaming/TinyTeX/texmf-dist/tex/latex/graphics-cfg/color.cfg) (c:/Users/Roberto/AppData/Roaming/TinyTeX/texmf-dist/tex/latex/graphics-def/pdftex.def) (c:/Users/Roberto/AppData/Roaming/TinyTeX/texmf-dist/tex/latex/graphics/mathcolor.ltx)) (c:/Users/Roberto/AppData/Roaming/TinyTeX/texmf-dist/tex/latex/hyperref/hyperref.sty (c:/Users/Roberto/AppData/Roaming/TinyTeX/texmf-dist/tex/generic/ltxcmds/ltxcmds.sty) (c:/Users/Roberto/AppData/Roaming/TinyTeX/texmf-dist/tex/generic/pdftexcmds/pdftexcmds.sty (c:/Users/Roberto/AppData/Roaming/TinyTeX/texmf-dist/tex/generic/infwarerr/infwarerr.sty)) (c:/Users/Roberto/AppData/Roaming/TinyTeX/texmf-dist/tex/latex/kvsetkeys/kvsetkeys.sty) (c:/Users/Roberto/AppData/Roaming/TinyTeX/texmf-dist/tex/generic/kvdefinekeys/kvdefinekeys.sty) (c:/Users/Roberto/AppData/Roaming/TinyTeX/texmf-dist/tex/generic/pdfescape/pdfescape.sty) (c:/Users/Roberto/AppData/Roaming/TinyTeX/texmf-dist/tex/latex/hycolor/hycolor.sty) (c:/Users/Roberto/AppData/Roaming/TinyTeX/texmf-dist/tex/latex/letltxmacro/letltxmacro.sty) (c:/Users/Roberto/AppData/Roaming/TinyTeX/texmf-dist/tex/latex/auxhook/auxhook.sty) (c:/Users/Roberto/AppData/Roaming/TinyTeX/texmf-dist/tex/latex/hyperref/nameref.sty (c:/Users/Roberto/AppData/Roaming/TinyTeX/texmf-dist/tex/latex/refcount/refcount.sty) (c:/Users/Roberto/AppData/Roaming/TinyTeX/texmf-dist/tex/generic/gettitlestring/gettitlestring.sty (c:/Users/Roberto/AppData/Roaming/TinyTeX/texmf-dist/tex/latex/kvoptions/kvoptions.sty))) (c:/Users/Roberto/AppData/Roaming/TinyTeX/texmf-dist/tex/latex/hyperref/pd1enc.def) (c:/Users/Roberto/AppData/Roaming/TinyTeX/texmf-dist/tex/generic/intcalc/intcalc.sty) (c:/Users/Roberto/AppData/Roaming/TinyTeX/texmf-dist/tex/generic/etexcmds/etexcmds.sty) (c:/Users/Roberto/AppData/Roaming/TinyTeX/texmf-dist/tex/latex/hyperref/puenc.def) (c:/Users/Roberto/AppData/Roaming/TinyTeX/texmf-dist/tex/generic/bitset/bitset.sty (c:/Users/Roberto/AppData/Roaming/TinyTeX/texmf-dist/tex/generic/bigintcalc/bigintcalc.sty)) (c:/Users/Roberto/AppData/Roaming/TinyTeX/texmf-dist/tex/latex/base/atbegshi-ltx.sty)) (c:/Users/Roberto/AppData/Roaming/TinyTeX/texmf-dist/tex/latex/hyperref/hpdftex.def (c:/Users/Roberto/AppData/Roaming/TinyTeX/texmf-dist/tex/latex/base/atveryend-ltx.sty) (c:/Users/Roberto/AppData/Roaming/TinyTeX/texmf-dist/tex/latex/rerunfilecheck/rerunfilecheck.sty (c:/Users/Roberto/AppData/Roaming/TinyTeX/texmf-dist/tex/generic/uniquecounter/uniquecounter.sty)))) (c:/Users/Roberto/AppData/Roaming/TinyTeX/texmf-dist/tex/latex/base/makeidx.sty)
Writing index file Rd2.idx
(c:/Users/Roberto/AppData/Roaming/TinyTeX/texmf-dist/tex/latex/psnfss/t1ptm.fd) (c:/Users/Roberto/AppData/Roaming/TinyTeX/texmf-dist/tex/latex/l3backend/l3backend-pdftex.def)
No file Rd2.aux.
(c:/Users/Roberto/AppData/Roaming/TinyTeX/texmf-dist/tex/latex/inconsolata/t1zi4.fd) (c:/Users/Roberto/AppData/Roaming/TinyTeX/texmf-dist/tex/latex/amsfonts/umsa.fd) (c:/Users/Roberto/AppData/Roaming/TinyTeX/texmf-dist/tex/latex/amsfonts/umsb.fd) (c:/Users/Roberto/AppData/Roaming/TinyTeX/texmf-dist/tex/latex/jknapltx/ursfs.fd)
No file Rd2.toc.
[1{c:/Users/Roberto/AppData/Roaming/TinyTeX/texmf-var/fonts/map/pdftex/updmap/pdftex.map}]
Overfull \hbox (7.6965pt too wide) in paragraph at lines 83--86
[]\T1/ptm/m/n/10 For a de-scrip-tion of the files to re-trieve, check "https://ceh.cedex.es/anuarioaforos/demarcaciones.asp"
[2] (c:/Users/Roberto/AppData/Roaming/TinyTeX/texmf-dist/tex/latex/inconsolata/ts1zi4.fd)
No file Rd2.ind.
[3] (./Rd2.aux)

Package rerunfilecheck Warning: File `Rd2.out' has changed.
(rerunfilecheck)                Rerun to get outlines right
(rerunfilecheck)                or use package `bookmark'.

 )
(see the transcript file for additional information){c:/Users/Roberto/AppData/Roaming/TinyTeX/texmf-dist/fonts/enc/dvips/inconsolata/i4-ts1.enc}{c:/Users/Roberto/AppData/Roaming/TinyTeX/texmf-dist/fonts/enc/dvips/base/8r.enc}{c:/Users/Roberto/AppData/Roaming/TinyTeX/texmf-dist/fonts/enc/dvips/inconsolata/i4-t1-0.enc}<c:/Users/Roberto/AppData/Roaming/TinyTeX/texmf-dist/fonts/type1/public/inconsolata/Inconsolata-zi4r.pfb><c:/Users/Roberto/AppData/Roaming/TinyTeX/texmf-dist/fonts/type1/urw/times/utmb8a.pfb><c:/Users/Roberto/AppData/Roaming/TinyTeX/texmf-dist/fonts/type1/urw/times/utmr8a.pfb><c:/Users/Roberto/AppData/Roaming/TinyTeX/texmf-dist/fonts/type1/urw/times/utmr8a.pfb><c:/Users/Roberto/AppData/Roaming/TinyTeX/texmf-dist/fonts/type1/urw/times/utmri8a.pfb>
Output written on Rd2.pdf (3 pages, 78711 bytes).
Transcript written on Rd2.log.
This is makeindex, version 2.16 [TeX Live 2022] (kpathsea + Thai support).
Scanning input file Rd2.idx....done (1 entries accepted, 0 rejected).
Sorting entries...done (0 comparisons).
Generating output file Rd2.ind....done (5 lines written, 0 warnings).
Output written in Rd2.ind.
Transcript written in Rd2.ilg.
This is pdfTeX, Version 3.141592653-2.6-1.40.24 (TeX Live 2022) (preloaded format=pdflatex)
 restricted \write18 enabled.
entering extended mode
(./Rd2.tex
LaTeX2e <2022-11-01> patch level 1
L3 programming layer <2022-12-17>
(c:/Users/Roberto/AppData/Roaming/TinyTeX/texmf-dist/tex/latex/base/book.cls
Document Class: book 2022/07/02 v1.4n Standard LaTeX document class
(c:/Users/Roberto/AppData/Roaming/TinyTeX/texmf-dist/tex/latex/base/bk10.clo)) (c:/Program Files/R/R-4.4.1/share/texmf/tex/latex/Rd.sty (c:/Users/Roberto/AppData/Roaming/TinyTeX/texmf-dist/tex/latex/base/ifthen.sty) (c:/Users/Roberto/AppData/Roaming/TinyTeX/texmf-dist/tex/generic/iftex/iftex.sty) (c:/Users/Roberto/AppData/Roaming/TinyTeX/texmf-dist/tex/latex/tools/longtable.sty) (c:/Users/Roberto/AppData/Roaming/TinyTeX/texmf-dist/tex/latex/tools/bm.sty) (c:/Users/Roberto/AppData/Roaming/TinyTeX/texmf-dist/tex/latex/base/alltt.sty) (c:/Users/Roberto/AppData/Roaming/TinyTeX/texmf-dist/tex/latex/tools/verbatim.sty) (c:/Users/Roberto/AppData/Roaming/TinyTeX/texmf-dist/tex/latex/url/url.sty) (c:/Users/Roberto/AppData/Roaming/TinyTeX/texmf-dist/tex/latex/base/textcomp.sty) (c:/Users/Roberto/AppData/Roaming/TinyTeX/texmf-dist/tex/latex/amsmath/amsmath.sty
For additional information on amsmath, use the `?' option.
(c:/Users/Roberto/AppData/Roaming/TinyTeX/texmf-dist/tex/latex/amsmath/amstext.sty (c:/Users/Roberto/AppData/Roaming/TinyTeX/texmf-dist/tex/latex/amsmath/amsgen.sty)) (c:/Users/Roberto/AppData/Roaming/TinyTeX/texmf-dist/tex/latex/amsmath/amsbsy.sty) (c:/Users/Roberto/AppData/Roaming/TinyTeX/texmf-dist/tex/latex/amsmath/amsopn.sty)) (c:/Users/Roberto/AppData/Roaming/TinyTeX/texmf-dist/tex/latex/amsfonts/amsfonts.sty) (c:/Users/Roberto/AppData/Roaming/TinyTeX/texmf-dist/tex/latex/amsfonts/amssymb.sty) (c:/Users/Roberto/AppData/Roaming/TinyTeX/texmf-dist/tex/latex/jknapltx/mathrsfs.sty) (c:/Users/Roberto/AppData/Roaming/TinyTeX/texmf-dist/tex/latex/base/fontenc.sty) (c:/Users/Roberto/AppData/Roaming/TinyTeX/texmf-dist/tex/latex/psnfss/times.sty) (c:/Users/Roberto/AppData/Roaming/TinyTeX/texmf-dist/tex/latex/inconsolata/zi4.sty `inconsolata-zi4' v1.12, 2019/05/17 Text macros for Inconsolata (msharpe) (c:/Users/Roberto/AppData/Roaming/TinyTeX/texmf-dist/tex/latex/xkeyval/xkeyval.sty (c:/Users/Roberto/AppData/Roaming/TinyTeX/texmf-dist/tex/generic/xkeyval/xkeyval.tex (c:/Users/Roberto/AppData/Roaming/TinyTeX/texmf-dist/tex/generic/xkeyval/xkvutils.tex (c:/Users/Roberto/AppData/Roaming/TinyTeX/texmf-dist/tex/generic/xkeyval/keyval.tex))))) (c:/Users/Roberto/AppData/Roaming/TinyTeX/texmf-dist/tex/latex/graphics/color.sty (c:/Users/Roberto/AppData/Roaming/TinyTeX/texmf-dist/tex/latex/graphics-cfg/color.cfg) (c:/Users/Roberto/AppData/Roaming/TinyTeX/texmf-dist/tex/latex/graphics-def/pdftex.def) (c:/Users/Roberto/AppData/Roaming/TinyTeX/texmf-dist/tex/latex/graphics/mathcolor.ltx)) (c:/Users/Roberto/AppData/Roaming/TinyTeX/texmf-dist/tex/latex/hyperref/hyperref.sty (c:/Users/Roberto/AppData/Roaming/TinyTeX/texmf-dist/tex/generic/ltxcmds/ltxcmds.sty) (c:/Users/Roberto/AppData/Roaming/TinyTeX/texmf-dist/tex/generic/pdftexcmds/pdftexcmds.sty (c:/Users/Roberto/AppData/Roaming/TinyTeX/texmf-dist/tex/generic/infwarerr/infwarerr.sty)) (c:/Users/Roberto/AppData/Roaming/TinyTeX/texmf-dist/tex/latex/kvsetkeys/kvsetkeys.sty) (c:/Users/Roberto/AppData/Roaming/TinyTeX/texmf-dist/tex/generic/kvdefinekeys/kvdefinekeys.sty) (c:/Users/Roberto/AppData/Roaming/TinyTeX/texmf-dist/tex/generic/pdfescape/pdfescape.sty) (c:/Users/Roberto/AppData/Roaming/TinyTeX/texmf-dist/tex/latex/hycolor/hycolor.sty) (c:/Users/Roberto/AppData/Roaming/TinyTeX/texmf-dist/tex/latex/letltxmacro/letltxmacro.sty) (c:/Users/Roberto/AppData/Roaming/TinyTeX/texmf-dist/tex/latex/auxhook/auxhook.sty) (c:/Users/Roberto/AppData/Roaming/TinyTeX/texmf-dist/tex/latex/hyperref/nameref.sty (c:/Users/Roberto/AppData/Roaming/TinyTeX/texmf-dist/tex/latex/refcount/refcount.sty) (c:/Users/Roberto/AppData/Roaming/TinyTeX/texmf-dist/tex/generic/gettitlestring/gettitlestring.sty (c:/Users/Roberto/AppData/Roaming/TinyTeX/texmf-dist/tex/latex/kvoptions/kvoptions.sty))) (c:/Users/Roberto/AppData/Roaming/TinyTeX/texmf-dist/tex/latex/hyperref/pd1enc.def) (c:/Users/Roberto/AppData/Roaming/TinyTeX/texmf-dist/tex/generic/intcalc/intcalc.sty) (c:/Users/Roberto/AppData/Roaming/TinyTeX/texmf-dist/tex/generic/etexcmds/etexcmds.sty) (c:/Users/Roberto/AppData/Roaming/TinyTeX/texmf-dist/tex/latex/hyperref/puenc.def) (c:/Users/Roberto/AppData/Roaming/TinyTeX/texmf-dist/tex/generic/bitset/bitset.sty (c:/Users/Roberto/AppData/Roaming/TinyTeX/texmf-dist/tex/generic/bigintcalc/bigintcalc.sty)) (c:/Users/Roberto/AppData/Roaming/TinyTeX/texmf-dist/tex/latex/base/atbegshi-ltx.sty)) (c:/Users/Roberto/AppData/Roaming/TinyTeX/texmf-dist/tex/latex/hyperref/hpdftex.def (c:/Users/Roberto/AppData/Roaming/TinyTeX/texmf-dist/tex/latex/base/atveryend-ltx.sty) (c:/Users/Roberto/AppData/Roaming/TinyTeX/texmf-dist/tex/latex/rerunfilecheck/rerunfilecheck.sty (c:/Users/Roberto/AppData/Roaming/TinyTeX/texmf-dist/tex/generic/uniquecounter/uniquecounter.sty)))) (c:/Users/Roberto/AppData/Roaming/TinyTeX/texmf-dist/tex/latex/base/makeidx.sty)
Writing index file Rd2.idx
(c:/Users/Roberto/AppData/Roaming/TinyTeX/texmf-dist/tex/latex/psnfss/t1ptm.fd) (c:/Users/Roberto/AppData/Roaming/TinyTeX/texmf-dist/tex/latex/l3backend/l3backend-pdftex.def) (./Rd2.aux) (./Rd2.out) (./Rd2.out) (c:/Users/Roberto/AppData/Roaming/TinyTeX/texmf-dist/tex/latex/inconsolata/t1zi4.fd) (c:/Users/Roberto/AppData/Roaming/TinyTeX/texmf-dist/tex/latex/amsfonts/umsa.fd) (c:/Users/Roberto/AppData/Roaming/TinyTeX/texmf-dist/tex/latex/amsfonts/umsb.fd) (c:/Users/Roberto/AppData/Roaming/TinyTeX/texmf-dist/tex/latex/jknapltx/ursfs.fd) (./Rd2.toc) [1{c:/Users/Roberto/AppData/Roaming/TinyTeX/texmf-var/fonts/map/pdftex/updmap/pdftex.map}]
Overfull \hbox (7.6965pt too wide) in paragraph at lines 83--86
[]\T1/ptm/m/n/10 For a de-scrip-tion of the files to re-trieve, check "https://ceh.cedex.es/anuarioaforos/demarcaciones.asp"
[2] (c:/Users/Roberto/AppData/Roaming/TinyTeX/texmf-dist/tex/latex/inconsolata/ts1zi4.fd) (./Rd2.ind [3] [4]) (./Rd2.aux)

Package rerunfilecheck Warning: File `Rd2.out' has changed.
(rerunfilecheck)                Rerun to get outlines right
(rerunfilecheck)                or use package `bookmark'.

 )
(see the transcript file for additional information){c:/Users/Roberto/AppData/Roaming/TinyTeX/texmf-dist/fonts/enc/dvips/inconsolata/i4-ts1.enc}{c:/Users/Roberto/AppData/Roaming/TinyTeX/texmf-dist/fonts/enc/dvips/base/8r.enc}{c:/Users/Roberto/AppData/Roaming/TinyTeX/texmf-dist/fonts/enc/dvips/inconsolata/i4-t1-0.enc}<c:/Users/Roberto/AppData/Roaming/TinyTeX/texmf-dist/fonts/type1/public/inconsolata/Inconsolata-zi4r.pfb><c:/Users/Roberto/AppData/Roaming/TinyTeX/texmf-dist/fonts/type1/urw/times/utmb8a.pfb><c:/Users/Roberto/AppData/Roaming/TinyTeX/texmf-dist/fonts/type1/urw/times/utmr8a.pfb><c:/Users/Roberto/AppData/Roaming/TinyTeX/texmf-dist/fonts/type1/urw/times/utmr8a.pfb><c:/Users/Roberto/AppData/Roaming/TinyTeX/texmf-dist/fonts/type1/urw/times/utmri8a.pfb>
Output written on Rd2.pdf (4 pages, 79277 bytes).
Transcript written on Rd2.log.
This is makeindex, version 2.16 [TeX Live 2022] (kpathsea + Thai support).
Scanning input file Rd2.idx....done (1 entries accepted, 0 rejected).
Sorting entries...done (0 comparisons).
Generating output file Rd2.ind....done (5 lines written, 0 warnings).
Output written in Rd2.ind.
Transcript written in Rd2.ilg.
This is pdfTeX, Version 3.141592653-2.6-1.40.24 (TeX Live 2022) (preloaded format=pdflatex)
 restricted \write18 enabled.
entering extended mode
(./Rd2.tex
LaTeX2e <2022-11-01> patch level 1
L3 programming layer <2022-12-17>
(c:/Users/Roberto/AppData/Roaming/TinyTeX/texmf-dist/tex/latex/base/book.cls
Document Class: book 2022/07/02 v1.4n Standard LaTeX document class
(c:/Users/Roberto/AppData/Roaming/TinyTeX/texmf-dist/tex/latex/base/bk10.clo)) (c:/Program Files/R/R-4.4.1/share/texmf/tex/latex/Rd.sty (c:/Users/Roberto/AppData/Roaming/TinyTeX/texmf-dist/tex/latex/base/ifthen.sty) (c:/Users/Roberto/AppData/Roaming/TinyTeX/texmf-dist/tex/generic/iftex/iftex.sty) (c:/Users/Roberto/AppData/Roaming/TinyTeX/texmf-dist/tex/latex/tools/longtable.sty) (c:/Users/Roberto/AppData/Roaming/TinyTeX/texmf-dist/tex/latex/tools/bm.sty) (c:/Users/Roberto/AppData/Roaming/TinyTeX/texmf-dist/tex/latex/base/alltt.sty) (c:/Users/Roberto/AppData/Roaming/TinyTeX/texmf-dist/tex/latex/tools/verbatim.sty) (c:/Users/Roberto/AppData/Roaming/TinyTeX/texmf-dist/tex/latex/url/url.sty) (c:/Users/Roberto/AppData/Roaming/TinyTeX/texmf-dist/tex/latex/base/textcomp.sty) (c:/Users/Roberto/AppData/Roaming/TinyTeX/texmf-dist/tex/latex/amsmath/amsmath.sty
For additional information on amsmath, use the `?' option.
(c:/Users/Roberto/AppData/Roaming/TinyTeX/texmf-dist/tex/latex/amsmath/amstext.sty (c:/Users/Roberto/AppData/Roaming/TinyTeX/texmf-dist/tex/latex/amsmath/amsgen.sty)) (c:/Users/Roberto/AppData/Roaming/TinyTeX/texmf-dist/tex/latex/amsmath/amsbsy.sty) (c:/Users/Roberto/AppData/Roaming/TinyTeX/texmf-dist/tex/latex/amsmath/amsopn.sty)) (c:/Users/Roberto/AppData/Roaming/TinyTeX/texmf-dist/tex/latex/amsfonts/amsfonts.sty) (c:/Users/Roberto/AppData/Roaming/TinyTeX/texmf-dist/tex/latex/amsfonts/amssymb.sty) (c:/Users/Roberto/AppData/Roaming/TinyTeX/texmf-dist/tex/latex/jknapltx/mathrsfs.sty) (c:/Users/Roberto/AppData/Roaming/TinyTeX/texmf-dist/tex/latex/base/fontenc.sty) (c:/Users/Roberto/AppData/Roaming/TinyTeX/texmf-dist/tex/latex/psnfss/times.sty) (c:/Users/Roberto/AppData/Roaming/TinyTeX/texmf-dist/tex/latex/inconsolata/zi4.sty `inconsolata-zi4' v1.12, 2019/05/17 Text macros for Inconsolata (msharpe) (c:/Users/Roberto/AppData/Roaming/TinyTeX/texmf-dist/tex/latex/xkeyval/xkeyval.sty (c:/Users/Roberto/AppData/Roaming/TinyTeX/texmf-dist/tex/generic/xkeyval/xkeyval.tex (c:/Users/Roberto/AppData/Roaming/TinyTeX/texmf-dist/tex/generic/xkeyval/xkvutils.tex (c:/Users/Roberto/AppData/Roaming/TinyTeX/texmf-dist/tex/generic/xkeyval/keyval.tex))))) (c:/Users/Roberto/AppData/Roaming/TinyTeX/texmf-dist/tex/latex/graphics/color.sty (c:/Users/Roberto/AppData/Roaming/TinyTeX/texmf-dist/tex/latex/graphics-cfg/color.cfg) (c:/Users/Roberto/AppData/Roaming/TinyTeX/texmf-dist/tex/latex/graphics-def/pdftex.def) (c:/Users/Roberto/AppData/Roaming/TinyTeX/texmf-dist/tex/latex/graphics/mathcolor.ltx)) (c:/Users/Roberto/AppData/Roaming/TinyTeX/texmf-dist/tex/latex/hyperref/hyperref.sty (c:/Users/Roberto/AppData/Roaming/TinyTeX/texmf-dist/tex/generic/ltxcmds/ltxcmds.sty) (c:/Users/Roberto/AppData/Roaming/TinyTeX/texmf-dist/tex/generic/pdftexcmds/pdftexcmds.sty (c:/Users/Roberto/AppData/Roaming/TinyTeX/texmf-dist/tex/generic/infwarerr/infwarerr.sty)) (c:/Users/Roberto/AppData/Roaming/TinyTeX/texmf-dist/tex/latex/kvsetkeys/kvsetkeys.sty) (c:/Users/Roberto/AppData/Roaming/TinyTeX/texmf-dist/tex/generic/kvdefinekeys/kvdefinekeys.sty) (c:/Users/Roberto/AppData/Roaming/TinyTeX/texmf-dist/tex/generic/pdfescape/pdfescape.sty) (c:/Users/Roberto/AppData/Roaming/TinyTeX/texmf-dist/tex/latex/hycolor/hycolor.sty) (c:/Users/Roberto/AppData/Roaming/TinyTeX/texmf-dist/tex/latex/letltxmacro/letltxmacro.sty) (c:/Users/Roberto/AppData/Roaming/TinyTeX/texmf-dist/tex/latex/auxhook/auxhook.sty) (c:/Users/Roberto/AppData/Roaming/TinyTeX/texmf-dist/tex/latex/hyperref/nameref.sty (c:/Users/Roberto/AppData/Roaming/TinyTeX/texmf-dist/tex/latex/refcount/refcount.sty) (c:/Users/Roberto/AppData/Roaming/TinyTeX/texmf-dist/tex/generic/gettitlestring/gettitlestring.sty (c:/Users/Roberto/AppData/Roaming/TinyTeX/texmf-dist/tex/latex/kvoptions/kvoptions.sty))) (c:/Users/Roberto/AppData/Roaming/TinyTeX/texmf-dist/tex/latex/hyperref/pd1enc.def) (c:/Users/Roberto/AppData/Roaming/TinyTeX/texmf-dist/tex/generic/intcalc/intcalc.sty) (c:/Users/Roberto/AppData/Roaming/TinyTeX/texmf-dist/tex/generic/etexcmds/etexcmds.sty) (c:/Users/Roberto/AppData/Roaming/TinyTeX/texmf-dist/tex/latex/hyperref/puenc.def) (c:/Users/Roberto/AppData/Roaming/TinyTeX/texmf-dist/tex/generic/bitset/bitset.sty (c:/Users/Roberto/AppData/Roaming/TinyTeX/texmf-dist/tex/generic/bigintcalc/bigintcalc.sty)) (c:/Users/Roberto/AppData/Roaming/TinyTeX/texmf-dist/tex/latex/base/atbegshi-ltx.sty)) (c:/Users/Roberto/AppData/Roaming/TinyTeX/texmf-dist/tex/latex/hyperref/hpdftex.def (c:/Users/Roberto/AppData/Roaming/TinyTeX/texmf-dist/tex/latex/base/atveryend-ltx.sty) (c:/Users/Roberto/AppData/Roaming/TinyTeX/texmf-dist/tex/latex/rerunfilecheck/rerunfilecheck.sty (c:/Users/Roberto/AppData/Roaming/TinyTeX/texmf-dist/tex/generic/uniquecounter/uniquecounter.sty)))) (c:/Users/Roberto/AppData/Roaming/TinyTeX/texmf-dist/tex/latex/base/makeidx.sty)
Writing index file Rd2.idx
(c:/Users/Roberto/AppData/Roaming/TinyTeX/texmf-dist/tex/latex/psnfss/t1ptm.fd) (c:/Users/Roberto/AppData/Roaming/TinyTeX/texmf-dist/tex/latex/l3backend/l3backend-pdftex.def) (./Rd2.aux) (./Rd2.out) (./Rd2.out) (c:/Users/Roberto/AppData/Roaming/TinyTeX/texmf-dist/tex/latex/inconsolata/t1zi4.fd) (c:/Users/Roberto/AppData/Roaming/TinyTeX/texmf-dist/tex/latex/amsfonts/umsa.fd) (c:/Users/Roberto/AppData/Roaming/TinyTeX/texmf-dist/tex/latex/amsfonts/umsb.fd) (c:/Users/Roberto/AppData/Roaming/TinyTeX/texmf-dist/tex/latex/jknapltx/ursfs.fd) (./Rd2.toc) [1{c:/Users/Roberto/AppData/Roaming/TinyTeX/texmf-var/fonts/map/pdftex/updmap/pdftex.map}]
Overfull \hbox (7.6965pt too wide) in paragraph at lines 83--86
[]\T1/ptm/m/n/10 For a de-scrip-tion of the files to re-trieve, check "https://ceh.cedex.es/anuarioaforos/demarcaciones.asp"
[2] (c:/Users/Roberto/AppData/Roaming/TinyTeX/texmf-dist/tex/latex/inconsolata/ts1zi4.fd) (./Rd2.ind [3] [4]) (./Rd2.aux) )
(see the transcript file for additional information){c:/Users/Roberto/AppData/Roaming/TinyTeX/texmf-dist/fonts/enc/dvips/inconsolata/i4-ts1.enc}{c:/Users/Roberto/AppData/Roaming/TinyTeX/texmf-dist/fonts/enc/dvips/base/8r.enc}{c:/Users/Roberto/AppData/Roaming/TinyTeX/texmf-dist/fonts/enc/dvips/inconsolata/i4-t1-0.enc}<c:/Users/Roberto/AppData/Roaming/TinyTeX/texmf-dist/fonts/type1/public/inconsolata/Inconsolata-zi4r.pfb><c:/Users/Roberto/AppData/Roaming/TinyTeX/texmf-dist/fonts/type1/urw/times/utmb8a.pfb><c:/Users/Roberto/AppData/Roaming/TinyTeX/texmf-dist/fonts/type1/urw/times/utmr8a.pfb><c:/Users/Roberto/AppData/Roaming/TinyTeX/texmf-dist/fonts/type1/urw/times/utmr8a.pfb><c:/Users/Roberto/AppData/Roaming/TinyTeX/texmf-dist/fonts/type1/urw/times/utmri8a.pfb>
Output written on Rd2.pdf (4 pages, 79794 bytes).
Transcript written on Rd2.log.
Saving output to 'hydrospain-manual.pdf' ...
Done
You may want to clean up by 'rm -Rf C:/Users/Roberto/AppData/Local/Temp/Rtmp8w3zl5/Rd2pdf4434fcf2016'
